# JRE version: OpenJDK Runtime Environment (8.0_91-b14) (build 1.8.0_91-8u91-b14-3ubuntu1~16.04.1-b14)
# Java VM: OpenJDK 64-Bit Server VM (25.91-b14 mixed mode linux-amd64 compressed oops)
Heap:
 PSYoungGen      total 232960K, used 89566K [0x00000000eab00000, 0x0000000100000000, 0x0000000100000000)
  eden space 116736K, 0% used [0x00000000eab00000,0x00000000eab00000,0x00000000f1d00000)
  from space 116224K, 77% used [0x00000000f8e80000,0x00000000fe5f7a30,0x0000000100000000)
  to   space 116224K, 0% used [0x00000000f1d00000,0x00000000f1d00000,0x00000000f8e80000)
 ParOldGen       total 287744K, used 287580K [0x00000000c0000000, 0x00000000d1900000, 0x00000000eab00000)
  object space 287744K, 99% used [0x00000000c0000000,0x00000000d18d72a0,0x00000000d1900000)
 Metaspace       used 5822K, capacity 6672K, committed 6784K, reserved 1056768K
  class space    used 545K, capacity 584K, committed 640K, reserved 1048576K
GC Heap History (10 events):
Event: 3.930 GC heap after
Heap after GC invocations=11 (full 2):
 PSYoungGen      total 189952K, used 73719K [0x00000000eab00000, 0x00000000ffb80000, 0x0000000100000000)
  eden space 116224K, 0% used [0x00000000eab00000,0x00000000eab00000,0x00000000f1c80000)
  from space 73728K, 99% used [0x00000000f1c80000,0x00000000f647df90,0x00000000f6480000)
  to   space 99328K, 0% used [0x00000000f9a80000,0x00000000f9a80000,0x00000000ffb80000)
 ParOldGen       total 185856K, used 133840K [0x00000000c0000000, 0x00000000cb580000, 0x00000000eab00000)
  object space 185856K, 72% used [0x00000000c0000000,0x00000000c82b4238,0x00000000cb580000)
 Metaspace       used 5808K, capacity 6672K, committed 6784K, reserved 1056768K
  class space    used 545K, capacity 584K, committed 640K, reserved 1048576K
}
Event: 4.253 GC heap before
{Heap before GC invocations=12 (full 2):
 PSYoungGen      total 189952K, used 189943K [0x00000000eab00000, 0x00000000ffb80000, 0x0000000100000000)
  eden space 116224K, 100% used [0x00000000eab00000,0x00000000f1c80000,0x00000000f1c80000)
  from space 73728K, 99% used [0x00000000f1c80000,0x00000000f647df90,0x00000000f6480000)
  to   space 99328K, 0% used [0x00000000f9a80000,0x00000000f9a80000,0x00000000ffb80000)
 ParOldGen       total 185856K, used 133840K [0x00000000c0000000, 0x00000000cb580000, 0x00000000eab00000)
  object space 185856K, 72% used [0x00000000c0000000,0x00000000c82b4238,0x00000000cb580000)
 Metaspace       used 5819K, capacity 6672K, committed 6784K, reserved 1056768K
  class space    used 545K, capacity 584K, committed 640K, reserved 1048576K
Event: 4.595 GC heap after
Heap after GC invocations=12 (full 2):
 PSYoungGen      total 216064K, used 99320K [0x00000000eab00000, 0x0000000100000000, 0x0000000100000000)
  eden space 116736K, 0% used [0x00000000eab00000,0x00000000eab00000,0x00000000f1d00000)
  from space 99328K, 99% used [0x00000000f9a80000,0x00000000ffb7e208,0x00000000ffb80000)
  to   space 116224K, 0% used [0x00000000f1d00000,0x00000000f1d00000,0x00000000f8e80000)
 ParOldGen       total 185856K, used 166793K [0x00000000c0000000, 0x00000000cb580000, 0x00000000eab00000)
  object space 185856K, 89% used [0x00000000c0000000,0x00000000ca2e2420,0x00000000cb580000)
 Metaspace       used 5819K, capacity 6672K, committed 6784K, reserved 1056768K
  class space    used 545K, capacity 584K, committed 640K, reserved 1048576K
}
Event: 4.595 GC heap before
{Heap before GC invocations=13 (full 3):
 PSYoungGen      total 216064K, used 99320K [0x00000000eab00000, 0x0000000100000000, 0x0000000100000000)
  eden space 116736K, 0% used [0x00000000eab00000,0x00000000eab00000,0x00000000f1d00000)
  from space 99328K, 99% used [0x00000000f9a80000,0x00000000ffb7e208,0x00000000ffb80000)
  to   space 116224K, 0% used [0x00000000f1d00000,0x00000000f1d00000,0x00000000f8e80000)
 ParOldGen       total 185856K, used 166793K [0x00000000c0000000, 0x00000000cb580000, 0x00000000eab00000)
  object space 185856K, 89% used [0x00000000c0000000,0x00000000ca2e2420,0x00000000cb580000)
 Metaspace       used 5819K, capacity 6672K, committed 6784K, reserved 1056768K
  class space    used 545K, capacity 584K, committed 640K, reserved 1048576K
Event: 5.397 GC heap after
Heap after GC invocations=13 (full 3):
 PSYoungGen      total 216064K, used 74029K [0x00000000eab00000, 0x0000000100000000, 0x0000000100000000)
  eden space 116736K, 0% used [0x00000000eab00000,0x00000000eab00000,0x00000000f1d00000)
  from space 99328K, 74% used [0x00000000f9a80000,0x00000000fe2cb560,0x00000000ffb80000)
  to   space 116224K, 0% used [0x00000000f1d00000,0x00000000f1d00000,0x00000000f8e80000)
 ParOldGen       total 287744K, used 185512K [0x00000000c0000000, 0x00000000d1900000, 0x00000000eab00000)
  object space 287744K, 64% used [0x00000000c0000000,0x00000000cb52a340,0x00000000d1900000)
 Metaspace       used 5819K, capacity 6672K, committed 6784K, reserved 1056768K
  class space    used 545K, capacity 584K, committed 640K, reserved 1048576K
}
Event: 5.577 GC heap before
{Heap before GC invocations=14 (full 3):
 PSYoungGen      total 216064K, used 190765K [0x00000000eab00000, 0x0000000100000000, 0x0000000100000000)
  eden space 116736K, 100% used [0x00000000eab00000,0x00000000f1d00000,0x00000000f1d00000)
  from space 99328K, 74% used [0x00000000f9a80000,0x00000000fe2cb560,0x00000000ffb80000)
  to   space 116224K, 0% used [0x00000000f1d00000,0x00000000f1d00000,0x00000000f8e80000)
 ParOldGen       total 287744K, used 185595K [0x00000000c0000000, 0x00000000d1900000, 0x00000000eab00000)
  object space 287744K, 64% used [0x00000000c0000000,0x00000000cb53eda0,0x00000000d1900000)
 Metaspace       used 5821K, capacity 6672K, committed 6784K, reserved 1056768K
  class space    used 545K, capacity 584K, committed 640K, reserved 1048576K
Event: 5.738 GC heap after
Heap after GC invocations=14 (full 3):
 PSYoungGen      total 232960K, used 116207K [0x00000000eab00000, 0x0000000100000000, 0x0000000100000000)
  eden space 116736K, 0% used [0x00000000eab00000,0x00000000eab00000,0x00000000f1d00000)
  from space 116224K, 99% used [0x00000000f1d00000,0x00000000f8e7bfd0,0x00000000f8e80000)
  to   space 116224K, 0% used [0x00000000f8e80000,0x00000000f8e80000,0x0000000100000000)
 ParOldGen       total 287744K, used 203970K [0x00000000c0000000, 0x00000000d1900000, 0x00000000eab00000)
  object space 287744K, 70% used [0x00000000c0000000,0x00000000cc730a90,0x00000000d1900000)
 Metaspace       used 5821K, capacity 6672K, committed 6784K, reserved 1056768K
  class space    used 545K, capacity 584K, committed 640K, reserved 1048576K
}
Event: 5.910 GC heap before
{Heap before GC invocations=15 (full 3):
 PSYoungGen      total 232960K, used 232943K [0x00000000eab00000, 0x0000000100000000, 0x0000000100000000)
  eden space 116736K, 100% used [0x00000000eab00000,0x00000000f1d00000,0x00000000f1d00000)
  from space 116224K, 99% used [0x00000000f1d00000,0x00000000f8e7bfd0,0x00000000f8e80000)
  to   space 116224K, 0% used [0x00000000f8e80000,0x00000000f8e80000,0x0000000100000000)
 ParOldGen       total 287744K, used 203972K [0x00000000c0000000, 0x00000000d1900000, 0x00000000eab00000)
  object space 287744K, 70% used [0x00000000c0000000,0x00000000cc7311e8,0x00000000d1900000)
 Metaspace       used 5822K, capacity 6672K, committed 6784K, reserved 1056768K
  class space    used 545K, capacity 584K, committed 640K, reserved 1048576K
Event: 6.067 GC heap after
Heap after GC invocations=15 (full 3):
 PSYoungGen      total 232960K, used 116195K [0x00000000eab00000, 0x0000000100000000, 0x0000000100000000)
  eden space 116736K, 0% used [0x00000000eab00000,0x00000000eab00000,0x00000000f1d00000)
  from space 116224K, 99% used [0x00000000f8e80000,0x00000000ffff8fb8,0x0000000100000000)
  to   space 116224K, 0% used [0x00000000f1d00000,0x00000000f1d00000,0x00000000f8e80000)
 ParOldGen       total 287744K, used 267175K [0x00000000c0000000, 0x00000000d1900000, 0x00000000eab00000)
  object space 287744K, 92% used [0x00000000c0000000,0x00000000d04e9c10,0x00000000d1900000)
 Metaspace       used 5822K, capacity 6672K, committed 6784K, reserved 1056768K
  class space    used 545K, capacity 584K, committed 640K, reserved 1048576K
}
Event: 6.067 GC heap before
{Heap before GC invocations=16 (full 4):
 PSYoungGen      total 232960K, used 116195K [0x00000000eab00000, 0x0000000100000000, 0x0000000100000000)
  eden space 116736K, 0% used [0x00000000eab00000,0x00000000eab00000,0x00000000f1d00000)
  from space 116224K, 99% used [0x00000000f8e80000,0x00000000ffff8fb8,0x0000000100000000)
  to   space 116224K, 0% used [0x00000000f1d00000,0x00000000f1d00000,0x00000000f8e80000)
 ParOldGen       total 287744K, used 267175K [0x00000000c0000000, 0x00000000d1900000, 0x00000000eab00000)
  object space 287744K, 92% used [0x00000000c0000000,0x00000000d04e9c10,0x00000000d1900000)
 Metaspace       used 5822K, capacity 6672K, committed 6784K, reserved 1056768K
  class space    used 545K, capacity 584K, committed 640K, reserved 1048576K

