# JRE version: OpenJDK Runtime Environment (8.0_91-b14) (build 1.8.0_91-8u91-b14-3ubuntu1~16.04.1-b14)
# Java VM: OpenJDK 64-Bit Server VM (25.91-b14 mixed mode linux-amd64 compressed oops)
Heap:
 PSYoungGen      total 232960K, used 83047K [0x00000000eab00000, 0x0000000100000000, 0x0000000100000000)
  eden space 116736K, 0% used [0x00000000eab00000,0x00000000eab00000,0x00000000f1d00000)
  from space 116224K, 71% used [0x00000000f8e80000,0x00000000fdf99c50,0x0000000100000000)
  to   space 116224K, 0% used [0x00000000f1d00000,0x00000000f1d00000,0x00000000f8e80000)
 ParOldGen       total 289280K, used 289008K [0x00000000c0000000, 0x00000000d1a80000, 0x00000000eab00000)
  object space 289280K, 99% used [0x00000000c0000000,0x00000000d1a3c1e8,0x00000000d1a80000)
 Metaspace       used 5818K, capacity 6672K, committed 6784K, reserved 1056768K
  class space    used 544K, capacity 584K, committed 640K, reserved 1048576K
GC Heap History (10 events):
Event: 3.714 GC heap after
Heap after GC invocations=11 (full 2):
 PSYoungGen      total 184832K, used 73702K [0x00000000eab00000, 0x00000000ff280000, 0x0000000100000000)
  eden space 111104K, 0% used [0x00000000eab00000,0x00000000eab00000,0x00000000f1780000)
  from space 73728K, 99% used [0x00000000f1780000,0x00000000f5f79828,0x00000000f5f80000)
  to   space 98304K, 0% used [0x00000000f9280000,0x00000000f9280000,0x00000000ff280000)
 ParOldGen       total 186880K, used 131584K [0x00000000c0000000, 0x00000000cb680000, 0x00000000eab00000)
  object space 186880K, 70% used [0x00000000c0000000,0x00000000c8080090,0x00000000cb680000)
 Metaspace       used 5804K, capacity 6672K, committed 6784K, reserved 1056768K
  class space    used 544K, capacity 584K, committed 640K, reserved 1048576K
}
Event: 4.071 GC heap before
{Heap before GC invocations=12 (full 2):
 PSYoungGen      total 184832K, used 184806K [0x00000000eab00000, 0x00000000ff280000, 0x0000000100000000)
  eden space 111104K, 100% used [0x00000000eab00000,0x00000000f1780000,0x00000000f1780000)
  from space 73728K, 99% used [0x00000000f1780000,0x00000000f5f79828,0x00000000f5f80000)
  to   space 98304K, 0% used [0x00000000f9280000,0x00000000f9280000,0x00000000ff280000)
 ParOldGen       total 186880K, used 131585K [0x00000000c0000000, 0x00000000cb680000, 0x00000000eab00000)
  object space 186880K, 70% used [0x00000000c0000000,0x00000000c8080798,0x00000000cb680000)
 Metaspace       used 5814K, capacity 6672K, committed 6784K, reserved 1056768K
  class space    used 544K, capacity 584K, committed 640K, reserved 1048576K
Event: 4.468 GC heap after
Heap after GC invocations=12 (full 2):
 PSYoungGen      total 215040K, used 98292K [0x00000000eab00000, 0x0000000100000000, 0x0000000100000000)
  eden space 116736K, 0% used [0x00000000eab00000,0x00000000eab00000,0x00000000f1d00000)
  from space 98304K, 99% used [0x00000000f9280000,0x00000000ff27d300,0x00000000ff280000)
  to   space 116224K, 0% used [0x00000000f1d00000,0x00000000f1d00000,0x00000000f8e80000)
 ParOldGen       total 186880K, used 162771K [0x00000000c0000000, 0x00000000cb680000, 0x00000000eab00000)
  object space 186880K, 87% used [0x00000000c0000000,0x00000000c9ef4f98,0x00000000cb680000)
 Metaspace       used 5814K, capacity 6672K, committed 6784K, reserved 1056768K
  class space    used 544K, capacity 584K, committed 640K, reserved 1048576K
}
Event: 4.468 GC heap before
{Heap before GC invocations=13 (full 3):
 PSYoungGen      total 215040K, used 98292K [0x00000000eab00000, 0x0000000100000000, 0x0000000100000000)
  eden space 116736K, 0% used [0x00000000eab00000,0x00000000eab00000,0x00000000f1d00000)
  from space 98304K, 99% used [0x00000000f9280000,0x00000000ff27d300,0x00000000ff280000)
  to   space 116224K, 0% used [0x00000000f1d00000,0x00000000f1d00000,0x00000000f8e80000)
 ParOldGen       total 186880K, used 162771K [0x00000000c0000000, 0x00000000cb680000, 0x00000000eab00000)
  object space 186880K, 87% used [0x00000000c0000000,0x00000000c9ef4f98,0x00000000cb680000)
 Metaspace       used 5814K, capacity 6672K, committed 6784K, reserved 1056768K
  class space    used 544K, capacity 584K, committed 640K, reserved 1048576K
Event: 5.205 GC heap after
Heap after GC invocations=13 (full 3):
 PSYoungGen      total 215040K, used 67842K [0x00000000eab00000, 0x0000000100000000, 0x0000000100000000)
  eden space 116736K, 0% used [0x00000000eab00000,0x00000000eab00000,0x00000000f1d00000)
  from space 98304K, 69% used [0x00000000f9280000,0x00000000fd4c0ab8,0x00000000ff280000)
  to   space 116224K, 0% used [0x00000000f1d00000,0x00000000f1d00000,0x00000000f8e80000)
 ParOldGen       total 289280K, used 186821K [0x00000000c0000000, 0x00000000d1a80000, 0x00000000eab00000)
  object space 289280K, 64% used [0x00000000c0000000,0x00000000cb671710,0x00000000d1a80000)
 Metaspace       used 5814K, capacity 6672K, committed 6784K, reserved 1056768K
  class space    used 544K, capacity 584K, committed 640K, reserved 1048576K
}
Event: 5.475 GC heap before
{Heap before GC invocations=14 (full 3):
 PSYoungGen      total 215040K, used 184578K [0x00000000eab00000, 0x0000000100000000, 0x0000000100000000)
  eden space 116736K, 100% used [0x00000000eab00000,0x00000000f1d00000,0x00000000f1d00000)
  from space 98304K, 69% used [0x00000000f9280000,0x00000000fd4c0ab8,0x00000000ff280000)
  to   space 116224K, 0% used [0x00000000f1d00000,0x00000000f1d00000,0x00000000f8e80000)
 ParOldGen       total 289280K, used 186821K [0x00000000c0000000, 0x00000000d1a80000, 0x00000000eab00000)
  object space 289280K, 64% used [0x00000000c0000000,0x00000000cb671710,0x00000000d1a80000)
 Metaspace       used 5817K, capacity 6672K, committed 6784K, reserved 1056768K
  class space    used 544K, capacity 584K, committed 640K, reserved 1048576K
Event: 5.620 GC heap after
Heap after GC invocations=14 (full 3):
 PSYoungGen      total 232960K, used 115734K [0x00000000eab00000, 0x0000000100000000, 0x0000000100000000)
  eden space 116736K, 0% used [0x00000000eab00000,0x00000000eab00000,0x00000000f1d00000)
  from space 116224K, 99% used [0x00000000f1d00000,0x00000000f8e05b70,0x00000000f8e80000)
  to   space 116224K, 0% used [0x00000000f8e80000,0x00000000f8e80000,0x0000000100000000)
 ParOldGen       total 289280K, used 199776K [0x00000000c0000000, 0x00000000d1a80000, 0x00000000eab00000)
  object space 289280K, 69% used [0x00000000c0000000,0x00000000cc318208,0x00000000d1a80000)
 Metaspace       used 5817K, capacity 6672K, committed 6784K, reserved 1056768K
  class space    used 544K, capacity 584K, committed 640K, reserved 1048576K
}
Event: 5.874 GC heap before
{Heap before GC invocations=15 (full 3):
 PSYoungGen      total 232960K, used 232470K [0x00000000eab00000, 0x0000000100000000, 0x0000000100000000)
  eden space 116736K, 100% used [0x00000000eab00000,0x00000000f1d00000,0x00000000f1d00000)
  from space 116224K, 99% used [0x00000000f1d00000,0x00000000f8e05b70,0x00000000f8e80000)
  to   space 116224K, 0% used [0x00000000f8e80000,0x00000000f8e80000,0x0000000100000000)
 ParOldGen       total 289280K, used 199776K [0x00000000c0000000, 0x00000000d1a80000, 0x00000000eab00000)
  object space 289280K, 69% used [0x00000000c0000000,0x00000000cc318208,0x00000000d1a80000)
 Metaspace       used 5818K, capacity 6672K, committed 6784K, reserved 1056768K
  class space    used 544K, capacity 584K, committed 640K, reserved 1048576K
Event: 6.055 GC heap after
Heap after GC invocations=15 (full 3):
 PSYoungGen      total 232960K, used 116205K [0x00000000eab00000, 0x0000000100000000, 0x0000000100000000)
  eden space 116736K, 0% used [0x00000000eab00000,0x00000000eab00000,0x00000000f1d00000)
  from space 116224K, 99% used [0x00000000f8e80000,0x00000000ffffb558,0x0000000100000000)
  to   space 116224K, 0% used [0x00000000f1d00000,0x00000000f1d00000,0x00000000f8e80000)
 ParOldGen       total 289280K, used 259629K [0x00000000c0000000, 0x00000000d1a80000, 0x00000000eab00000)
  object space 289280K, 89% used [0x00000000c0000000,0x00000000cfd8b6d0,0x00000000d1a80000)
 Metaspace       used 5818K, capacity 6672K, committed 6784K, reserved 1056768K
  class space    used 544K, capacity 584K, committed 640K, reserved 1048576K
}
Event: 6.055 GC heap before
{Heap before GC invocations=16 (full 4):
 PSYoungGen      total 232960K, used 116205K [0x00000000eab00000, 0x0000000100000000, 0x0000000100000000)
  eden space 116736K, 0% used [0x00000000eab00000,0x00000000eab00000,0x00000000f1d00000)
  from space 116224K, 99% used [0x00000000f8e80000,0x00000000ffffb558,0x0000000100000000)
  to   space 116224K, 0% used [0x00000000f1d00000,0x00000000f1d00000,0x00000000f8e80000)
 ParOldGen       total 289280K, used 259629K [0x00000000c0000000, 0x00000000d1a80000, 0x00000000eab00000)
  object space 289280K, 89% used [0x00000000c0000000,0x00000000cfd8b6d0,0x00000000d1a80000)
 Metaspace       used 5818K, capacity 6672K, committed 6784K, reserved 1056768K
  class space    used 544K, capacity 584K, committed 640K, reserved 1048576K

